  源.cpp
d:\c代码\c2client\c2client\源.cpp(16): warning C4996: 'strcpy': This function or variable may be unsafe. Consider using strcpy_s instead. To disable deprecation, use _CRT_SECURE_NO_WARNINGS. See online help for details.
  d:\windows kits\10\include\10.0.17763.0\ucrt\string.h(133): note: 参见“strcpy”的声明
d:\c代码\c2client\c2client\源.cpp(21): warning C4996: 'strcpy': This function or variable may be unsafe. Consider using strcpy_s instead. To disable deprecation, use _CRT_SECURE_NO_WARNINGS. See online help for details.
  d:\windows kits\10\include\10.0.17763.0\ucrt\string.h(133): note: 参见“strcpy”的声明
d:\c代码\c2client\c2client\源.cpp(26): warning C4996: 'strcpy': This function or variable may be unsafe. Consider using strcpy_s instead. To disable deprecation, use _CRT_SECURE_NO_WARNINGS. See online help for details.
  d:\windows kits\10\include\10.0.17763.0\ucrt\string.h(133): note: 参见“strcpy”的声明
d:\c代码\c2client\c2client\源.cpp(33): warning C4996: 'strcpy': This function or variable may be unsafe. Consider using strcpy_s instead. To disable deprecation, use _CRT_SECURE_NO_WARNINGS. See online help for details.
  d:\windows kits\10\include\10.0.17763.0\ucrt\string.h(133): note: 参见“strcpy”的声明
d:\c代码\c2client\c2client\源.cpp(69): warning C4996: 'strcat': This function or variable may be unsafe. Consider using strcat_s instead. To disable deprecation, use _CRT_SECURE_NO_WARNINGS. See online help for details.
  d:\windows kits\10\include\10.0.17763.0\ucrt\string.h(90): note: 参见“strcat”的声明
d:\c代码\c2client\c2client\源.cpp(78): warning C4018: “<”: 有符号/无符号不匹配
d:\c代码\c2client\c2client\源.cpp(77): warning C4101: “tmpChar”: 未引用的局部变量
d:\c代码\c2client\c2client\源.cpp(98): warning C4101: “result”: 未引用的局部变量
d:\c代码\c2client\c2client\源.cpp(102): warning C4101: “getLength”: 未引用的局部变量
d:\c代码\c2client\c2client\源.cpp(106): warning C4101: “addrClient”: 未引用的局部变量
d:\c代码\c2client\c2client\源.cpp(110): warning C4101: “netAddr”: 未引用的局部变量
  正在生成代码
  All 8 functions were compiled because no usable IPDB/IOBJ from previous compilation was found.
  已完成代码的生成
  C2Client.vcxproj -> D:\c代码\C2Client\Release\C2Client.exe
